12:36:26.238 [TestNG-tests-1] INFO  testCases.TC001_AccountRegistrationTest - ****** Finished TC001_AccountRegistrationTest ******
12:36:26.523 [TestNG-tests-2] INFO  testCases.TC001_AccountRegistrationTest - CLicked on Register Page
12:36:26.523 [TestNG-tests-2] INFO  testCases.TC001_AccountRegistrationTest - Filling Details
12:36:27.730 [TestNG-tests-1] INFO  testCases.TC002_LoginTest - ******  Started TC002_LoginTest  *****
12:36:27.985 [TestNG-tests-2] INFO  testCases.TC001_AccountRegistrationTest - ****** Finished TC001_AccountRegistrationTest ******
12:36:29.054 [TestNG-tests-1] INFO  testCases.TC002_LoginTest - ******  Finished TC002_LoginTest  *****
12:36:31.145 [TestNG-tests-2] INFO  testCases.TC002_LoginTest - ******  Started TC002_LoginTest  *****
12:36:32.610 [TestNG-tests-2] INFO  testCases.TC002_LoginTest - ******  Finished TC002_LoginTest  *****
13:56:25.244 [TestNG-tests-1] INFO  testCases.TC001_AccountRegistrationTest - ****** Started TC001_AccountRegistrationTest ******
13:56:26.234 [TestNG-tests-1] INFO  testCases.TC001_AccountRegistrationTest - CLicked on Register Page
13:56:26.242 [TestNG-tests-1] INFO  testCases.TC001_AccountRegistrationTest - Filling Details
13:56:29.131 [TestNG-tests-1] INFO  testCases.TC001_AccountRegistrationTest - ****** Finished TC001_AccountRegistrationTest ******
13:56:34.384 [TestNG-tests-1] INFO  testCases.TC002_LoginTest - ******  Started TC002_LoginTest  *****
13:56:37.044 [TestNG-tests-1] INFO  testCases.TC002_LoginTest - ******  Finished TC002_LoginTest  *****
13:57:08.962 [TestNG-tests-2] INFO  testCases.TC001_AccountRegistrationTest - ****** Started TC001_AccountRegistrationTest ******
13:57:09.892 [TestNG-tests-2] INFO  testCases.TC001_AccountRegistrationTest - CLicked on Register Page
13:57:09.894 [TestNG-tests-2] INFO  testCases.TC001_AccountRegistrationTest - Filling Details
13:57:11.117 [TestNG-tests-2] INFO  testCases.TC001_AccountRegistrationTest - ****** Finished TC001_AccountRegistrationTest ******
13:57:16.878 [TestNG-tests-2] INFO  testCases.TC002_LoginTest - ******  Started TC002_LoginTest  *****
13:57:18.620 [TestNG-tests-2] INFO  testCases.TC002_LoginTest - ******  Finished TC002_LoginTest  *****
14:00:16.009 [TestNG-tests-1] INFO  testCases.TC001_AccountRegistrationTest - ****** Started TC001_AccountRegistrationTest ******
14:00:16.818 [TestNG-tests-1] INFO  testCases.TC001_AccountRegistrationTest - CLicked on Register Page
14:00:16.825 [TestNG-tests-1] INFO  testCases.TC001_AccountRegistrationTest - Filling Details
14:00:19.361 [TestNG-tests-1] INFO  testCases.TC001_AccountRegistrationTest - ****** Finished TC001_AccountRegistrationTest ******
14:00:22.153 [TestNG-tests-1] INFO  testCases.TC002_LoginTest - ******  Started TC002_LoginTest  *****
14:00:24.604 [TestNG-tests-1] INFO  testCases.TC002_LoginTest - ******  Finished TC002_LoginTest  *****
14:04:48.233 [TestNG-tests-1] INFO  testCases.TC001_AccountRegistrationTest - ****** Started TC001_AccountRegistrationTest ******
14:04:48.953 [TestNG-tests-1] INFO  testCases.TC001_AccountRegistrationTest - CLicked on Register Page
14:04:48.958 [TestNG-tests-1] INFO  testCases.TC001_AccountRegistrationTest - Filling Details
14:04:50.985 [TestNG-tests-1] INFO  testCases.TC001_AccountRegistrationTest - ****** Finished TC001_AccountRegistrationTest ******
14:04:53.205 [TestNG-tests-1] INFO  testCases.TC002_LoginTest - ******  Started TC002_LoginTest  *****
14:04:54.732 [TestNG-tests-1] INFO  testCases.TC002_LoginTest - ******  Finished TC002_LoginTest  *****
