10:11:05.949 [TestNG-tests-2] INFO  testCases.TC002_LoginTest - ******  Started TC002_LoginTest  *****
10:11:05.945 [TestNG-tests-1] INFO  testCases.TC002_LoginTest - ******  Started TC002_LoginTest  *****
10:11:16.291 [TestNG-tests-2] INFO  testCases.TC002_LoginTest - ******  Finished TC002_LoginTest  *****
10:11:26.387 [TestNG-tests-1] INFO  testCases.TC002_LoginTest - ******  Finished TC002_LoginTest  *****
10:11:41.583 [TestNG-tests-2] INFO  testCases.TC001_AccountRegistrationTest - ****** Started TC001_AccountRegistrationTest ******
10:11:41.594 [TestNG-tests-2] INFO  testCases.TC002_LoginTest - ******  Started TC002_LoginTest  *****
10:11:41.595 [TestNG-tests-2] INFO  testCases.TC002_LoginTest - ******  Finished TC002_LoginTest  *****
10:11:49.996 [TestNG-tests-1] INFO  testCases.TC001_AccountRegistrationTest - ****** Started TC001_AccountRegistrationTest ******
10:11:50.008 [TestNG-tests-1] INFO  testCases.TC002_LoginTest - ******  Started TC002_LoginTest  *****
10:11:50.009 [TestNG-tests-1] INFO  testCases.TC002_LoginTest - ******  Finished TC002_LoginTest  *****
10:13:35.807 [TestNG-tests-2] INFO  testCases.TC001_AccountRegistrationTest - ****** Started TC001_AccountRegistrationTest ******
10:13:35.807 [TestNG-tests-1] INFO  testCases.TC001_AccountRegistrationTest - ****** Started TC001_AccountRegistrationTest ******
10:13:59.303 [TestNG-tests-2] INFO  testCases.TC002_LoginTest - ******  Started TC002_LoginTest  *****
10:13:59.395 [TestNG-tests-1] INFO  testCases.TC002_LoginTest - ******  Started TC002_LoginTest  *****
10:14:09.832 [TestNG-tests-2] INFO  testCases.TC002_LoginTest - ******  Finished TC002_LoginTest  *****
10:14:19.893 [TestNG-tests-1] INFO  testCases.TC002_LoginTest - ******  Finished TC002_LoginTest  *****
10:16:34.666 [TestNG-tests-1] INFO  testCases.TC001_AccountRegistrationTest - ****** Started TC001_AccountRegistrationTest ******
10:16:34.666 [TestNG-tests-2] INFO  testCases.TC001_AccountRegistrationTest - ****** Started TC001_AccountRegistrationTest ******
10:16:57.762 [TestNG-tests-1] INFO  testCases.TC002_LoginTest - ******  Started TC002_LoginTest  *****
10:16:57.780 [TestNG-tests-2] INFO  testCases.TC002_LoginTest - ******  Started TC002_LoginTest  *****
10:17:08.095 [TestNG-tests-1] INFO  testCases.TC002_LoginTest - ******  Finished TC002_LoginTest  *****
10:17:18.184 [TestNG-tests-2] INFO  testCases.TC002_LoginTest - ******  Finished TC002_LoginTest  *****
10:18:18.108 [TestNG-tests-1] INFO  testCases.TC001_AccountRegistrationTest - ****** Started TC001_AccountRegistrationTest ******
10:18:18.108 [TestNG-tests-2] INFO  testCases.TC001_AccountRegistrationTest - ****** Started TC001_AccountRegistrationTest ******
10:18:28.546 [TestNG-tests-1] INFO  testCases.TC001_AccountRegistrationTest - ****** Finished TC001_AccountRegistrationTest ******
10:18:38.568 [TestNG-tests-2] INFO  testCases.TC001_AccountRegistrationTest - ****** Finished TC001_AccountRegistrationTest ******
10:18:41.919 [TestNG-tests-2] INFO  testCases.TC002_LoginTest - ******  Started TC002_LoginTest  *****
10:18:41.925 [TestNG-tests-1] INFO  testCases.TC002_LoginTest - ******  Started TC002_LoginTest  *****
10:18:45.207 [TestNG-tests-1] INFO  testCases.TC002_LoginTest - ******  Finished TC002_LoginTest  *****
10:18:45.618 [TestNG-tests-2] INFO  testCases.TC002_LoginTest - ******  Finished TC002_LoginTest  *****
10:21:10.166 [TestNG-tests-2] INFO  testCases.TC001_AccountRegistrationTest - ****** Started TC001_AccountRegistrationTest ******
10:21:10.166 [TestNG-tests-1] INFO  testCases.TC001_AccountRegistrationTest - ****** Started TC001_AccountRegistrationTest ******
10:21:20.497 [TestNG-tests-1] INFO  testCases.TC001_AccountRegistrationTest - ****** Finished TC001_AccountRegistrationTest ******
10:21:27.082 [TestNG-tests-2] INFO  testCases.TC001_AccountRegistrationTest - CLicked on Register Page
10:21:27.087 [TestNG-tests-2] INFO  testCases.TC001_AccountRegistrationTest - Filling Details
10:21:27.411 [TestNG-tests-2] INFO  testCases.TC001_AccountRegistrationTest - ****** Finished TC001_AccountRegistrationTest ******
10:21:29.957 [TestNG-tests-2] INFO  testCases.TC002_LoginTest - ******  Started TC002_LoginTest  *****
10:21:29.978 [TestNG-tests-1] INFO  testCases.TC002_LoginTest - ******  Started TC002_LoginTest  *****
10:21:34.549 [TestNG-tests-1] INFO  testCases.TC002_LoginTest - ******  Finished TC002_LoginTest  *****
10:21:34.842 [TestNG-tests-2] INFO  testCases.TC002_LoginTest - ******  Finished TC002_LoginTest  *****
10:22:55.624 [TestNG-tests-1] INFO  testCases.TC001_AccountRegistrationTest - ****** Started TC001_AccountRegistrationTest ******
10:22:55.624 [TestNG-tests-2] INFO  testCases.TC001_AccountRegistrationTest - ****** Started TC001_AccountRegistrationTest ******
10:23:05.971 [TestNG-tests-2] INFO  testCases.TC001_AccountRegistrationTest - ****** Finished TC001_AccountRegistrationTest ******
10:23:16.039 [TestNG-tests-1] INFO  testCases.TC001_AccountRegistrationTest - ****** Finished TC001_AccountRegistrationTest ******
