15:36:33.320 [TestNG-tests-1] INFO  testCases.TC003_LoginTestDDT - ******  Started TC003_LoginTestDDT  *****
15:36:44.810 [TestNG-tests-1] INFO  testCases.TC003_LoginTestDDT - ******  Finished TC003_LoginTestDDT  *****
15:36:44.828 [TestNG-tests-1] INFO  testCases.TC003_LoginTestDDT - ******  Started TC003_LoginTestDDT  *****
15:36:55.643 [TestNG-tests-1] INFO  testCases.TC003_LoginTestDDT - ******  Started TC003_LoginTestDDT  *****
15:36:57.622 [TestNG-tests-1] INFO  testCases.TC003_LoginTestDDT - ******  Finished TC003_LoginTestDDT  *****
20:46:00.974 [TestNG-tests-1] INFO  testCases.TC003_LoginTestDDT - ******  Started TC003_LoginTestDDT  *****
20:46:04.242 [TestNG-tests-1] INFO  testCases.TC003_LoginTestDDT - ******  Finished TC003_LoginTestDDT  *****
20:46:04.260 [TestNG-tests-1] INFO  testCases.TC003_LoginTestDDT - ******  Started TC003_LoginTestDDT  *****
20:46:15.992 [TestNG-tests-1] INFO  testCases.TC003_LoginTestDDT - ******  Started TC003_LoginTestDDT  *****
20:46:27.805 [TestNG-tests-1] INFO  testCases.TC003_LoginTestDDT - ******  Finished TC003_LoginTestDDT  *****
20:46:27.828 [TestNG-tests-1] INFO  testCases.TC003_LoginTestDDT - ******  Started TC003_LoginTestDDT  *****
20:46:39.484 [TestNG-tests-1] INFO  testCases.TC003_LoginTestDDT - ******  Started TC003_LoginTestDDT  *****
20:46:41.731 [TestNG-tests-1] INFO  testCases.TC003_LoginTestDDT - ******  Finished TC003_LoginTestDDT  *****
20:49:35.267 [main] INFO  testCases.TC001_AccountRegistrationTest - ****** Started TC001_AccountRegistrationTest ******
20:49:36.527 [main] INFO  testCases.TC001_AccountRegistrationTest - CLicked on Register Page
20:49:36.532 [main] INFO  testCases.TC001_AccountRegistrationTest - Filling Details
20:49:39.201 [main] INFO  testCases.TC001_AccountRegistrationTest - ****** Finished TC001_AccountRegistrationTest ******
20:49:42.651 [main] INFO  testCases.TC002_LoginTest - ******  Started TC002_LoginTest  *****
20:49:44.858 [main] INFO  testCases.TC002_LoginTest - ******  Finished TC002_LoginTest  *****
20:55:09.629 [TestNG-tests-1] INFO  testCases.TC003_LoginTestDDT - ******  Started TC003_LoginTestDDT  *****
20:55:09.823 [TestNG-tests-1] INFO  testCases.TC003_LoginTestDDT - ******  Started TC003_LoginTestDDT  *****
20:55:09.908 [TestNG-tests-1] INFO  testCases.TC003_LoginTestDDT - ******  Started TC003_LoginTestDDT  *****
20:55:09.926 [TestNG-tests-1] INFO  testCases.TC003_LoginTestDDT - ******  Started TC003_LoginTestDDT  *****
20:55:09.951 [TestNG-tests-1] INFO  testCases.TC003_LoginTestDDT - ******  Started TC003_LoginTestDDT  *****
21:01:10.025 [main] INFO  testCases.TC001_AccountRegistrationTest - ****** Started TC001_AccountRegistrationTest ******
21:01:10.914 [main] INFO  testCases.TC001_AccountRegistrationTest - CLicked on Register Page
21:01:10.920 [main] INFO  testCases.TC001_AccountRegistrationTest - Filling Details
21:01:13.836 [main] INFO  testCases.TC001_AccountRegistrationTest - ****** Finished TC001_AccountRegistrationTest ******
21:01:17.733 [main] INFO  testCases.TC002_LoginTest - ******  Started TC002_LoginTest  *****
21:01:19.833 [main] INFO  testCases.TC002_LoginTest - ******  Finished TC002_LoginTest  *****
21:05:23.513 [main] INFO  testCases.TC002_LoginTest - ******  Started TC002_LoginTest  *****
21:05:25.731 [main] INFO  testCases.TC002_LoginTest - ******  Finished TC002_LoginTest  *****
22:00:51.867 [main] INFO  testCases.TC001_AccountRegistrationTest - ****** Started TC001_AccountRegistrationTest ******
22:00:52.309 [main] INFO  testCases.TC001_AccountRegistrationTest - CLicked on Register Page
22:00:52.320 [main] INFO  testCases.TC001_AccountRegistrationTest - Filling Details
22:00:54.117 [main] INFO  testCases.TC001_AccountRegistrationTest - ****** Finished TC001_AccountRegistrationTest ******
22:00:55.784 [main] INFO  testCases.TC002_LoginTest - ******  Started TC002_LoginTest  *****
22:00:57.012 [main] INFO  testCases.TC002_LoginTest - ******  Finished TC002_LoginTest  *****
22:01:49.697 [main] INFO  testCases.TC001_AccountRegistrationTest - ****** Started TC001_AccountRegistrationTest ******
22:01:50.074 [main] INFO  testCases.TC001_AccountRegistrationTest - CLicked on Register Page
22:01:50.076 [main] INFO  testCases.TC001_AccountRegistrationTest - Filling Details
22:01:51.167 [main] INFO  testCases.TC001_AccountRegistrationTest - ****** Finished TC001_AccountRegistrationTest ******
22:01:52.775 [main] INFO  testCases.TC002_LoginTest - ******  Started TC002_LoginTest  *****
22:03:09.013 [main] INFO  testCases.TC001_AccountRegistrationTest - ****** Started TC001_AccountRegistrationTest ******
22:03:09.436 [main] INFO  testCases.TC001_AccountRegistrationTest - CLicked on Register Page
22:03:09.441 [main] INFO  testCases.TC001_AccountRegistrationTest - Filling Details
22:03:10.986 [main] INFO  testCases.TC001_AccountRegistrationTest - ****** Finished TC001_AccountRegistrationTest ******
22:03:12.571 [main] INFO  testCases.TC002_LoginTest - ******  Started TC002_LoginTest  *****
